1689840502: New connection from 172.23.0.4:53510 on port 1883.
1689840502: New client connected from 172.23.0.4:53510 as auto-5C814169-CDB7-91E2-5081-6B9446A607E6 (p2, c1, k60, u'user').
1689840502: Client auto-5C814169-CDB7-91E2-5081-6B9446A607E6 disconnected.
1689840519: New connection from 172.23.0.4:35474 on port 8883.
1689840519: New client connected from 172.23.0.4:35474 as auto-23561D1D-850E-30CC-A0F8-FBA5CD5B7A32 (p2, c1, k60, u'admin').
1689840519: Client auto-23561D1D-850E-30CC-A0F8-FBA5CD5B7A32 disconnected.
1689842148: Saving in-memory database to /mosquitto/data//mosquitto.db.
1689842651: Client auto-9D9E4F92-65CE-2B43-E58E-4C4A5BE23918 disconnected.
1689842652: mosquitto version 2.0.15 terminating
1689842652: Saving in-memory database to /mosquitto/data//mosquitto.db.
1689842673: mosquitto version 2.0.15 starting
1689842673: Config loaded from /mosquitto/config/mosquitto.conf.
1689842673: Opening ipv4 listen socket on port 1883.
1689842673: Opening ipv6 listen socket on port 1883.
1689842673: Opening ipv4 listen socket on port 8883.
1689842673: Opening ipv6 listen socket on port 8883.
1689842673: mosquitto version 2.0.15 running
1689842676: New connection from 172.23.0.4:39612 on port 8883.
1689842676: New client connected from 172.23.0.4:39612 as auto-508EB4E9-FD69-1960-F54A-E45D4B48702C (p2, c1, k60, u'admin').
1689842682: Client auto-508EB4E9-FD69-1960-F54A-E45D4B48702C disconnected.
1689842682: mosquitto version 2.0.15 terminating
1689842682: Saving in-memory database to /mosquitto/data//mosquitto.db.
1689842787: mosquitto version 2.0.15 starting
1689842787: Config loaded from /mosquitto/config/mosquitto.conf.
1689842787: Opening ipv4 listen socket on port 1883.
1689842787: Opening ipv6 listen socket on port 1883.
1689842787: Opening ipv4 listen socket on port 8883.
1689842787: Opening ipv6 listen socket on port 8883.
1689842787: mosquitto version 2.0.15 running
1689842788: New connection from 172.23.0.4:34330 on port 8883.
1689842788: New client connected from 172.23.0.4:34330 as auto-C6B53D9E-1F07-E9E5-C644-C8962AEE5D3F (p2, c1, k60, u'admin').
1689842802: New connection from 172.23.0.5:53600 on port 8883.
1689842802: New client connected from 172.23.0.5:53600 as auto-8DC13591-8B96-471A-E219-079E7C90F64F (p2, c1, k60, u'admin').
1689842802: Client auto-8DC13591-8B96-471A-E219-079E7C90F64F disconnected.
1689842811: New connection from 172.23.0.5:54474 on port 1883.
1689842811: New client connected from 172.23.0.5:54474 as auto-AA47509F-50EB-ED18-5C0E-8599E9A61AF3 (p2, c1, k60, u'user').
1689842811: Client auto-AA47509F-50EB-ED18-5C0E-8599E9A61AF3 disconnected.
1689842835: Client auto-C6B53D9E-1F07-E9E5-C644-C8962AEE5D3F disconnected.
1689842836: mosquitto version 2.0.15 terminating
1689842836: Saving in-memory database to /mosquitto/data//mosquitto.db.
1689845308: mosquitto version 2.0.15 starting
1689845308: Config loaded from /mosquitto/config/mosquitto.conf.
1689845308: Opening ipv4 listen socket on port 1883.
1689845308: Opening ipv6 listen socket on port 1883.
1689845308: Opening ipv4 listen socket on port 8883.
1689845308: Opening ipv6 listen socket on port 8883.
1689845308: Error: Unable to load CA certificates. Check cafile "/mosquitto/certs/ca.crt".
1689845308: Error: Unable to load server certificate "/mosquitto/certs/server.crt". Check certfile.
1689845308: OpenSSL Error[0]: error:02FFF002:system library:func(4095):No such file or directory
1689845308: OpenSSL Error[1]: error:20FFF080:BIO routines:CRYPTO_internal:no such file
1689845308: OpenSSL Error[2]: error:0BFFF002:x509 certificate routines:CRYPTO_internal:system lib
1689845308: OpenSSL Error[3]: error:02FFF002:system library:func(4095):No such file or directory
1689845308: OpenSSL Error[4]: error:20FFF002:BIO routines:CRYPTO_internal:system lib
1689845308: OpenSSL Error[5]: error:14FFF002:SSL routines:(UNKNOWN)SSL_internal:system lib
1689845443: mosquitto version 2.0.15 starting
1689845443: Config loaded from /mosquitto/config/mosquitto.conf.
1689845443: Opening ipv4 listen socket on port 1883.
1689845443: Opening ipv6 listen socket on port 1883.
1689845443: Opening ipv4 listen socket on port 8883.
1689845443: Opening ipv6 listen socket on port 8883.
1689845443: mosquitto version 2.0.15 running
1689845446: New connection from 172.23.0.2:36626 on port 8883.
1689845446: OpenSSL Error[0]: error:02FFF020:system library:func(4095):Broken pipe
1689845446: Client <unknown> disconnected: Protocol error.
1689845566: mosquitto version 2.0.15 terminating
1689845566: Saving in-memory database to /mosquitto/data//mosquitto.db.
1689845596: mosquitto version 2.0.15 starting
1689845596: Config loaded from /mosquitto/config/mosquitto.conf.
1689845596: Opening ipv4 listen socket on port 1883.
1689845596: Opening ipv6 listen socket on port 1883.
1689845596: Opening ipv4 listen socket on port 8883.
1689845596: Opening ipv6 listen socket on port 8883.
1689845596: mosquitto version 2.0.15 running
1689845597: New connection from 172.23.0.2:46730 on port 8883.
1689845597: OpenSSL Error[0]: error:02FFF020:system library:func(4095):Broken pipe
1689845597: Client <unknown> disconnected: Protocol error.
1689913947: mosquitto version 2.0.15 starting
1689913947: Config loaded from /mosquitto/config/mosquitto.conf.
1689913947: Opening ipv4 listen socket on port 1883.
1689913947: Opening ipv6 listen socket on port 1883.
1689913947: Opening ipv4 listen socket on port 8883.
1689913947: Opening ipv6 listen socket on port 8883.
1689913947: mosquitto version 2.0.15 running
1689913950: New connection from 172.23.0.2:35634 on port 8883.
1689913950: OpenSSL Error[0]: error:02FFF020:system library:func(4095):Broken pipe
1689913950: Client <unknown> disconnected: Protocol error.
1689914067: New connection from 172.23.0.4:58702 on port 8883.
1689914067: OpenSSL Error[0]: error:02FFF020:system library:func(4095):Broken pipe
1689914067: Client <unknown> disconnected: Protocol error.
1689914126: New connection from 172.23.0.4:33850 on port 8883.
1689914126: OpenSSL Error[0]: error:02FFF020:system library:func(4095):Broken pipe
1689914126: Client <unknown> disconnected: Protocol error.
1689914323: mosquitto version 2.0.15 terminating
1689914323: Saving in-memory database to /mosquitto/data//mosquitto.db.
1689914347: mosquitto version 2.0.15 starting
1689914347: Config loaded from /mosquitto/config/mosquitto.conf.
1689914347: Opening ipv4 listen socket on port 1883.
1689914347: Opening ipv6 listen socket on port 1883.
1689914347: Opening ipv4 listen socket on port 8883.
1689914347: Opening ipv6 listen socket on port 8883.
1689914347: mosquitto version 2.0.15 running
1689914366: New connection from 172.23.0.4:43268 on port 8883.
1689914366: OpenSSL Error[0]: error:02FFF020:system library:func(4095):Broken pipe
1689914366: Client <unknown> disconnected: Protocol error.
1689914387: New connection from 172.23.0.4:58202 on port 8883.
1689914387: OpenSSL Error[0]: error:02FFF020:system library:func(4095):Broken pipe
1689914387: Client <unknown> disconnected: Protocol error.
1689914482: mosquitto version 2.0.15 terminating
1689914482: Saving in-memory database to /mosquitto/data//mosquitto.db.
1689914626: mosquitto version 2.0.15 starting
1689914626: Config loaded from /mosquitto/config/mosquitto.conf.
1689914626: Opening ipv4 listen socket on port 1883.
1689914626: Opening ipv6 listen socket on port 1883.
1689914626: Opening ipv4 listen socket on port 8883.
1689914626: Opening ipv6 listen socket on port 8883.
1689914626: mosquitto version 2.0.15 running
1689914629: New connection from 172.23.0.2:54606 on port 8883.
1689914629: OpenSSL Error[0]: error:02FFF020:system library:func(4095):Broken pipe
1689914629: Client <unknown> disconnected: Protocol error.
1689917699: mosquitto version 2.0.15 terminating
1689917699: Saving in-memory database to /mosquitto/data//mosquitto.db.
1689917721: mosquitto version 2.0.15 starting
1689917721: Config loaded from /mosquitto/config/mosquitto.conf.
1689917721: Opening ipv4 listen socket on port 1883.
1689917721: Opening ipv6 listen socket on port 1883.
1689917721: Opening ipv4 listen socket on port 8883.
1689917721: Opening ipv6 listen socket on port 8883.
1689917721: mosquitto version 2.0.15 running
1689917743: mosquitto version 2.0.15 terminating
1689917743: Saving in-memory database to /mosquitto/data//mosquitto.db.
1689917781: mosquitto version 2.0.15 starting
1689917781: Config loaded from /mosquitto/config/mosquitto.conf.
1689917781: Opening ipv4 listen socket on port 1883.
1689917781: Opening ipv6 listen socket on port 1883.
1689917781: Opening ipv4 listen socket on port 8883.
1689917781: Opening ipv6 listen socket on port 8883.
1689917781: mosquitto version 2.0.15 running
1689917881: New connection from 172.23.0.2:49556 on port 8883.
1689917881: OpenSSL Error[0]: error:02FFF020:system library:func(4095):Broken pipe
1689917881: Client <unknown> disconnected: Protocol error.
1689917888: New connection from 172.23.0.2:49574 on port 8883.
1689917888: OpenSSL Error[0]: error:02FFF020:system library:func(4095):Broken pipe
1689917888: Client <unknown> disconnected: Protocol error.
1689917982: mosquitto version 2.0.15 terminating
1689917982: Saving in-memory database to /mosquitto/data//mosquitto.db.
1689918045: mosquitto version 2.0.15 starting
1689918045: Config loaded from /mosquitto/config/mosquitto.conf.
1689918045: Opening ipv4 listen socket on port 1883.
1689918045: Opening ipv6 listen socket on port 1883.
1689918045: Opening ipv4 listen socket on port 8883.
1689918045: Opening ipv6 listen socket on port 8883.
1689918045: mosquitto version 2.0.15 running
1689918046: New connection from 172.23.0.2:44314 on port 8883.
1689918046: OpenSSL Error[0]: error:02FFF020:system library:func(4095):Broken pipe
1689918046: Client <unknown> disconnected: Protocol error.
1689918213: mosquitto version 2.0.15 terminating
1689918213: Saving in-memory database to /mosquitto/data//mosquitto.db.
1689918242: mosquitto version 2.0.15 starting
1689918242: Config loaded from /mosquitto/config/mosquitto.conf.
1689918242: Opening ipv4 listen socket on port 1883.
1689918242: Opening ipv6 listen socket on port 1883.
1689918242: Opening ipv4 listen socket on port 8883.
1689918242: Opening ipv6 listen socket on port 8883.
1689918242: Error: Unable to load CA certificates. Check cafile "/mosquitto/certs/ca.crt".
1689918242: Error: Unable to load server certificate "/mosquitto/certs/server.crt". Check certfile.
1689918242: OpenSSL Error[0]: error:02FFF002:system library:func(4095):No such file or directory
1689918242: OpenSSL Error[1]: error:20FFF080:BIO routines:CRYPTO_internal:no such file
1689918242: OpenSSL Error[2]: error:0BFFF002:x509 certificate routines:CRYPTO_internal:system lib
1689918242: OpenSSL Error[3]: error:02FFF002:system library:func(4095):No such file or directory
1689918242: OpenSSL Error[4]: error:20FFF002:BIO routines:CRYPTO_internal:system lib
1689918242: OpenSSL Error[5]: error:14FFF002:SSL routines:(UNKNOWN)SSL_internal:system lib
1689918343: mosquitto version 2.0.15 starting
1689918343: Config loaded from /mosquitto/config/mosquitto.conf.
1689918343: Opening ipv4 listen socket on port 1883.
1689918343: Opening ipv6 listen socket on port 1883.
1689918343: Opening ipv4 listen socket on port 8883.
1689918343: Opening ipv6 listen socket on port 8883.
1689918343: Error: Unable to load CA certificates. Check cafile "/mosquitto/certs/ca.crt".
1689918343: Error: Unable to load server certificate "/mosquitto/certs/server.crt". Check certfile.
1689918343: OpenSSL Error[0]: error:02FFF002:system library:func(4095):No such file or directory
1689918343: OpenSSL Error[1]: error:20FFF080:BIO routines:CRYPTO_internal:no such file
1689918343: OpenSSL Error[2]: error:0BFFF002:x509 certificate routines:CRYPTO_internal:system lib
1689918343: OpenSSL Error[3]: error:02FFF002:system library:func(4095):No such file or directory
1689918343: OpenSSL Error[4]: error:20FFF002:BIO routines:CRYPTO_internal:system lib
1689918343: OpenSSL Error[5]: error:14FFF002:SSL routines:(UNKNOWN)SSL_internal:system lib
1689918391: mosquitto version 2.0.15 starting
1689918391: Config loaded from /mosquitto/config/mosquitto.conf.
1689918391: Opening ipv4 listen socket on port 1883.
1689918391: Opening ipv6 listen socket on port 1883.
1689918391: Opening ipv4 listen socket on port 8883.
1689918391: Opening ipv6 listen socket on port 8883.
1689918391: Error: Unable to load CA certificates. Check cafile "/mosquitto/certs/ca.crt".
1689918391: Error: Unable to load server certificate "/mosquitto/certs/server.crt". Check certfile.
1689918391: OpenSSL Error[0]: error:02FFF002:system library:func(4095):No such file or directory
1689918391: OpenSSL Error[1]: error:20FFF080:BIO routines:CRYPTO_internal:no such file
1689918391: OpenSSL Error[2]: error:0BFFF002:x509 certificate routines:CRYPTO_internal:system lib
1689918391: OpenSSL Error[3]: error:02FFF002:system library:func(4095):No such file or directory
1689918391: OpenSSL Error[4]: error:20FFF002:BIO routines:CRYPTO_internal:system lib
1689918391: OpenSSL Error[5]: error:14FFF002:SSL routines:(UNKNOWN)SSL_internal:system lib
1689920068: mosquitto version 2.0.15 starting
1689920068: Config loaded from /mosquitto/config/mosquitto.conf.
1689920068: Opening ipv4 listen socket on port 1883.
1689920068: Opening ipv6 listen socket on port 1883.
1689920068: Opening ipv4 listen socket on port 8883.
1689920068: Opening ipv6 listen socket on port 8883.
1689920068: mosquitto version 2.0.15 running
1689920070: New connection from 172.23.0.4:48842 on port 8883.
1689920070: OpenSSL Error[0]: error:02FFF020:system library:func(4095):Broken pipe
1689920070: Client <unknown> disconnected: Protocol error.
1689920197: mosquitto version 2.0.15 terminating
1689920197: Saving in-memory database to /mosquitto/data//mosquitto.db.
1689920399: mosquitto version 2.0.15 starting
1689920399: Config loaded from /mosquitto/config/mosquitto.conf.
1689920399: Opening ipv4 listen socket on port 1883.
1689920399: Opening ipv6 listen socket on port 1883.
1689920399: Opening ipv4 listen socket on port 8883.
1689920399: Opening ipv6 listen socket on port 8883.
1689920399: mosquitto version 2.0.15 running
1689920401: New connection from 172.23.0.3:34446 on port 8883.
1689920401: OpenSSL Error[0]: error:02FFF020:system library:func(4095):Broken pipe
1689920401: Client <unknown> disconnected: Protocol error.
1689920676: mosquitto version 2.0.15 terminating
1689920676: Saving in-memory database to /mosquitto/data//mosquitto.db.
1689920691: mosquitto version 2.0.15 starting
1689920691: Config loaded from /mosquitto/config/mosquitto.conf.
1689920691: Opening ipv4 listen socket on port 1883.
1689920691: Opening ipv6 listen socket on port 1883.
1689920691: Opening ipv4 listen socket on port 8883.
1689920691: Opening ipv6 listen socket on port 8883.
1689920691: mosquitto version 2.0.15 running
1689920722: New connection from 172.23.0.3:49348 on port 1883.
1689920722: New client connected from 172.23.0.3:49348 as auto-3B32A78C-D7A9-B954-3FD4-2EFA051EAB32 (p2, c1, k60, u'admin').
1689920742: New connection from 172.23.0.4:59204 on port 8883.
1689920742: OpenSSL Error[0]: error:02FFF020:system library:func(4095):Broken pipe
1689920742: Client <unknown> disconnected: Protocol error.
1689920799: Client auto-3B32A78C-D7A9-B954-3FD4-2EFA051EAB32 closed its connection.
1689920800: mosquitto version 2.0.15 terminating
1689920800: Saving in-memory database to /mosquitto/data//mosquitto.db.
1689921104: mosquitto version 2.0.15 starting
1689921104: Config loaded from /mosquitto/config/mosquitto.conf.
1689921104: Opening ipv4 listen socket on port 1883.
1689921104: Opening ipv6 listen socket on port 1883.
1689921104: Opening ipv4 listen socket on port 8883.
1689921104: Opening ipv6 listen socket on port 8883.
1689921104: mosquitto version 2.0.15 running
1689921164: New connection from 172.23.0.3:59346 on port 8883.
1689921164: OpenSSL Error[0]: error:02FFF020:system library:func(4095):Broken pipe
1689921164: Client <unknown> disconnected: Protocol error.
1689922751: mosquitto version 2.0.15 terminating
1689922751: Saving in-memory database to /mosquitto/data//mosquitto.db.
1689923361: mosquitto version 2.0.15 starting
1689923361: Config loaded from /mosquitto/config/mosquitto.conf.
1689923361: Opening ipv4 listen socket on port 1883.
1689923361: Opening ipv6 listen socket on port 1883.
1689923361: Opening ipv4 listen socket on port 8883.
1689923361: Opening ipv6 listen socket on port 8883.
1689923361: mosquitto version 2.0.15 running
1689923430: New connection from 172.23.0.4:57832 on port 8883.
1689923430: OpenSSL Error[0]: error:02FFF020:system library:func(4095):Broken pipe
1689923430: Client <unknown> disconnected: Protocol error.
1689923476: New connection from 172.23.0.4:60316 on port 8883.
1689923476: OpenSSL Error[0]: error:02FFF020:system library:func(4095):Broken pipe
1689923476: Client <unknown> disconnected: Protocol error.
1689923479: New connection from 172.23.0.4:34118 on port 1883.
1689923479: New client connected from 172.23.0.4:34118 as auto-FBCDD320-2211-C9C3-AF77-9BF64986E757 (p2, c1, k60, u'admin').
1689923491: Client auto-FBCDD320-2211-C9C3-AF77-9BF64986E757 disconnected.
1689923510: New connection from 172.23.0.4:57518 on port 8883.
1689923510: OpenSSL Error[0]: error:02FFF020:system library:func(4095):Broken pipe
1689923510: Client <unknown> disconnected: Protocol error.
1689923543: New connection from 172.23.0.4:58008 on port 1883.
1689923543: New client connected from 172.23.0.4:58008 as auto-851948C9-2B2B-C89E-6F1A-0EA4002A2498 (p2, c1, k60, u'admin').
1689923577: New connection from 172.23.0.5:51178 on port 1883.
1689923577: New client connected from 172.23.0.5:51178 as auto-4E0482F7-1ED6-9364-A353-312710ECC18A (p2, c1, k60, u'user').
1689923577: Client auto-4E0482F7-1ED6-9364-A353-312710ECC18A disconnected.
1689923582: Client auto-851948C9-2B2B-C89E-6F1A-0EA4002A2498 disconnected.
1689923586: New connection from 172.23.0.4:57062 on port 1883.
1689923586: New client connected from 172.23.0.4:57062 as auto-38F2DB04-FAC1-F0CD-64EE-503EEFD9E6A5 (p2, c1, k60, u'admin').
1689923591: New connection from 172.23.0.5:51960 on port 1883.
1689923591: New client connected from 172.23.0.5:51960 as auto-DB1AA873-306D-5F13-6DAE-22F798A6AFD1 (p2, c1, k60, u'user').
1689923591: Client auto-DB1AA873-306D-5F13-6DAE-22F798A6AFD1 disconnected.
1689923613: Client auto-38F2DB04-FAC1-F0CD-64EE-503EEFD9E6A5 disconnected.
1689923687: New connection from 172.23.0.4:43614 on port 1883.
1689923687: New client connected from 172.23.0.4:43614 as auto-B7B9288C-BD9F-DCD2-A3F8-562132DC8EF5 (p2, c1, k60, u'admin').
1689923693: New connection from 172.23.0.5:44152 on port 1883.
1689923693: New client connected from 172.23.0.5:44152 as auto-8C693929-0C51-D42F-64F5-8EE4CD038779 (p2, c1, k60, u'user').
1689923693: Client auto-8C693929-0C51-D42F-64F5-8EE4CD038779 disconnected.
1689923697: Client auto-B7B9288C-BD9F-DCD2-A3F8-562132DC8EF5 disconnected.
1689923719: New connection from 172.23.0.4:35096 on port 1883.
1689923719: New client connected from 172.23.0.4:35096 as auto-8AF5CAB2-FC7D-799C-443D-4722D2254E96 (p2, c1, k60, u'admin').
1689923722: New connection from 172.23.0.5:33108 on port 1883.
1689923722: New client connected from 172.23.0.5:33108 as auto-69A26D45-E775-4932-45C5-3BB9978F41C6 (p2, c1, k60, u'user').
1689923722: Client auto-69A26D45-E775-4932-45C5-3BB9978F41C6 disconnected.
1689923727: Client auto-8AF5CAB2-FC7D-799C-443D-4722D2254E96 disconnected.
1689923837: New connection from 172.23.0.4:54510 on port 8883.
1689923837: OpenSSL Error[0]: error:02FFF020:system library:func(4095):Broken pipe
1689923837: Client <unknown> disconnected: Protocol error.
1689923908: mosquitto version 2.0.15 terminating
1689923908: Saving in-memory database to /mosquitto/data//mosquitto.db.
1689924694: mosquitto version 2.0.15 starting
1689924694: Config loaded from /mosquitto/config/mosquitto.conf.
1689924694: Opening ipv4 listen socket on port 1883.
1689924694: Opening ipv6 listen socket on port 1883.
1689924694: Opening ipv4 listen socket on port 8883.
1689924694: Opening ipv6 listen socket on port 8883.
1689924694: mosquitto version 2.0.15 running
1689924695: New connection from 172.23.0.3:41892 on port 8883.
1689924695: OpenSSL Error[0]: error:02FFF020:system library:func(4095):Broken pipe
1689924695: Client <unknown> disconnected: Protocol error.
1689924711: mosquitto version 2.0.15 terminating
1689924711: Saving in-memory database to /mosquitto/data//mosquitto.db.
1689924916: mosquitto version 2.0.15 starting
1689924916: Config loaded from /mosquitto/config/mosquitto.conf.
1689924916: Opening ipv4 listen socket on port 1883.
1689924916: Opening ipv6 listen socket on port 1883.
1689924916: Opening ipv4 listen socket on port 8883.
1689924916: Opening ipv6 listen socket on port 8883.
1689924916: Error: Unable to load CA certificates. Check cafile "/mosquitto/certs/ca.crt".
1689924916: Error: Unable to load server certificate "/mosquitto/certs/server.crt". Check certfile.
1689924916: OpenSSL Error[0]: error:02FFF002:system library:func(4095):No such file or directory
1689924916: OpenSSL Error[1]: error:20FFF080:BIO routines:CRYPTO_internal:no such file
1689924916: OpenSSL Error[2]: error:0BFFF002:x509 certificate routines:CRYPTO_internal:system lib
1689924916: OpenSSL Error[3]: error:02FFF002:system library:func(4095):No such file or directory
1689924916: OpenSSL Error[4]: error:20FFF002:BIO routines:CRYPTO_internal:system lib
1689924916: OpenSSL Error[5]: error:14FFF002:SSL routines:(UNKNOWN)SSL_internal:system lib
1689925161: mosquitto version 2.0.15 starting
1689925161: Config loaded from /mosquitto/config/mosquitto.conf.
1689925161: Opening ipv4 listen socket on port 1883.
1689925161: Opening ipv6 listen socket on port 1883.
1689925161: Opening ipv4 listen socket on port 8883.
1689925161: Opening ipv6 listen socket on port 8883.
1689925161: mosquitto version 2.0.15 running
1689925334: mosquitto version 2.0.15 terminating
1689925334: Saving in-memory database to /mosquitto/data//mosquitto.db.
1689925378: mosquitto version 2.0.15 starting
1689925378: Config loaded from /mosquitto/config/mosquitto.conf.
1689925378: Opening ipv4 listen socket on port 1883.
1689925378: Opening ipv6 listen socket on port 1883.
1689925378: Opening ipv4 listen socket on port 8883.
1689925378: Opening ipv6 listen socket on port 8883.
1689925378: mosquitto version 2.0.15 running
1689925406: New connection from 172.23.0.3:55688 on port 8883.
1689925406: OpenSSL Error[0]: error:02FFF020:system library:func(4095):Broken pipe
1689925406: Client <unknown> disconnected: Protocol error.
1689925557: New connection from 172.23.0.3:45956 on port 8883.
1689925557: OpenSSL Error[0]: error:02FFF020:system library:func(4095):Broken pipe
1689925557: Client <unknown> disconnected: Protocol error.
1689925735: mosquitto version 2.0.15 terminating
1689925735: Saving in-memory database to /mosquitto/data//mosquitto.db.
1689925757: mosquitto version 2.0.15 starting
1689925757: Config loaded from /mosquitto/config/mosquitto.conf.
1689925757: Opening ipv4 listen socket on port 1883.
1689925757: Opening ipv6 listen socket on port 1883.
1689925757: Opening ipv4 listen socket on port 8883.
1689925757: Opening ipv6 listen socket on port 8883.
1689925757: mosquitto version 2.0.15 running
1689925777: New connection from 172.23.0.3:55524 on port 8883.
1689925777: OpenSSL Error[0]: error:02FFF020:system library:func(4095):Broken pipe
1689925777: Client <unknown> disconnected: Protocol error.
1689925976: mosquitto version 2.0.15 terminating
1689925976: Saving in-memory database to /mosquitto/data//mosquitto.db.
1689926002: mosquitto version 2.0.15 starting
1689926002: Config loaded from /mosquitto/config/mosquitto.conf.
1689926002: Opening ipv4 listen socket on port 1883.
1689926002: Opening ipv6 listen socket on port 1883.
1689926002: Opening ipv4 listen socket on port 8883.
1689926002: Opening ipv6 listen socket on port 8883.
1689926002: mosquitto version 2.0.15 running
1689926003: New connection from 172.23.0.3:46128 on port 8883.
1689926003: OpenSSL Error[0]: error:02FFF020:system library:func(4095):Broken pipe
1689926003: Client <unknown> disconnected: Protocol error.
1689926038: mosquitto version 2.0.15 terminating
1689926038: Saving in-memory database to /mosquitto/data//mosquitto.db.
1689926108: mosquitto version 2.0.15 starting
1689926108: Config loaded from /mosquitto/config/mosquitto.conf.
1689926108: Opening ipv4 listen socket on port 1883.
1689926108: Opening ipv6 listen socket on port 1883.
1689926108: Opening ipv4 listen socket on port 8883.
1689926108: Opening ipv6 listen socket on port 8883.
1689926108: mosquitto version 2.0.15 running
1689926109: New connection from 172.23.0.3:43474 on port 8883.
1689926109: OpenSSL Error[0]: error:02FFF020:system library:func(4095):Broken pipe
1689926109: Client <unknown> disconnected: Protocol error.
1689926309: mosquitto version 2.0.15 terminating
1689926309: Saving in-memory database to /mosquitto/data//mosquitto.db.
1689926891: mosquitto version 2.0.15 starting
1689926891: Config loaded from /mosquitto/config/mosquitto.conf.
1689926891: Opening ipv4 listen socket on port 1883.
1689926891: Opening ipv6 listen socket on port 1883.
1689926891: Opening ipv4 listen socket on port 8883.
1689926891: Opening ipv6 listen socket on port 8883.
1689926891: mosquitto version 2.0.15 running
1689927047: New connection from 172.23.0.3:59682 on port 1883.
1689927047: New client connected from 172.23.0.3:59682 as auto-15339557-8BD5-8DC6-43A8-19AA1F946430 (p2, c1, k60, u'admin').
1689927047: No will message specified.
1689927047: Sending CONNACK to auto-15339557-8BD5-8DC6-43A8-19AA1F946430 (0, 0)
1689927047: Received SUBSCRIBE from auto-15339557-8BD5-8DC6-43A8-19AA1F946430
1689927047: 	topics/iot (QoS 0)
1689927047: auto-15339557-8BD5-8DC6-43A8-19AA1F946430 0 topics/iot
1689927047: Sending SUBACK to auto-15339557-8BD5-8DC6-43A8-19AA1F946430
1689927107: Received PINGREQ from auto-15339557-8BD5-8DC6-43A8-19AA1F946430
1689927107: Sending PINGRESP to auto-15339557-8BD5-8DC6-43A8-19AA1F946430
1689927151: Client auto-15339557-8BD5-8DC6-43A8-19AA1F946430 closed its connection.
1689927152: mosquitto version 2.0.15 terminating
1689927152: Saving in-memory database to /mosquitto/data//mosquitto.db.
1689927170: mosquitto version 2.0.15 starting
1689927170: Config loaded from /mosquitto/config/mosquitto.conf.
1689927170: Opening ipv4 listen socket on port 1883.
1689927170: Opening ipv6 listen socket on port 1883.
1689927170: Opening ipv4 listen socket on port 8883.
1689927170: Opening ipv6 listen socket on port 8883.
1689927170: mosquitto version 2.0.15 running
1689927172: New connection from 172.23.0.3:42428 on port 1883.
1689927172: New client connected from 172.23.0.3:42428 as auto-9F819F37-8C2C-4F26-EAB8-CD49FD9AB46B (p2, c1, k60, u'admin').
1689927172: No will message specified.
1689927172: Sending CONNACK to auto-9F819F37-8C2C-4F26-EAB8-CD49FD9AB46B (0, 0)
1689927172: Received SUBSCRIBE from auto-9F819F37-8C2C-4F26-EAB8-CD49FD9AB46B
1689927172: 	topics/iot (QoS 0)
1689927172: auto-9F819F37-8C2C-4F26-EAB8-CD49FD9AB46B 0 topics/iot
1689927172: Sending SUBACK to auto-9F819F37-8C2C-4F26-EAB8-CD49FD9AB46B
1689927180: New connection from 172.23.0.4:49898 on port 1883.
1689927180: New client connected from 172.23.0.4:49898 as auto-C1BD6BB7-9E43-3E67-27D8-CF9882D689D9 (p2, c1, k60, u'admin').
1689927180: No will message specified.
1689927180: Sending CONNACK to auto-C1BD6BB7-9E43-3E67-27D8-CF9882D689D9 (0, 0)
1689927180: Received PUBLISH from auto-C1BD6BB7-9E43-3E67-27D8-CF9882D689D9 (d0, q0, r0, m0, 'topics/iot', ... (25 bytes))
1689927180: Sending PUBLISH to auto-9F819F37-8C2C-4F26-EAB8-CD49FD9AB46B (d0, q0, r0, m0, 'topics/iot', ... (25 bytes))
1689927180: Received DISCONNECT from auto-C1BD6BB7-9E43-3E67-27D8-CF9882D689D9
1689927180: Client auto-C1BD6BB7-9E43-3E67-27D8-CF9882D689D9 disconnected.
1689927191: New connection from 172.23.0.4:47080 on port 1883.
1689927191: New client connected from 172.23.0.4:47080 as auto-0600F75F-DA58-606B-4F49-FF5B9856E15B (p2, c1, k60, u'admin').
1689927191: No will message specified.
1689927191: Sending CONNACK to auto-0600F75F-DA58-606B-4F49-FF5B9856E15B (0, 0)
1689927191: Received PUBLISH from auto-0600F75F-DA58-606B-4F49-FF5B9856E15B (d0, q0, r0, m0, 'topics/iot', ... (25 bytes))
1689927191: Sending PUBLISH to auto-9F819F37-8C2C-4F26-EAB8-CD49FD9AB46B (d0, q0, r0, m0, 'topics/iot', ... (25 bytes))
1689927191: Received DISCONNECT from auto-0600F75F-DA58-606B-4F49-FF5B9856E15B
1689927191: Client auto-0600F75F-DA58-606B-4F49-FF5B9856E15B disconnected.
1689927234: Received PINGREQ from auto-9F819F37-8C2C-4F26-EAB8-CD49FD9AB46B
1689927234: Sending PINGRESP to auto-9F819F37-8C2C-4F26-EAB8-CD49FD9AB46B
1689928968: Received DISCONNECT from auto-9F819F37-8C2C-4F26-EAB8-CD49FD9AB46B
1689928968: Client auto-9F819F37-8C2C-4F26-EAB8-CD49FD9AB46B disconnected.
1689928969: mosquitto version 2.0.15 terminating
1689928969: Saving in-memory database to /mosquitto/data//mosquitto.db.
1689931393: mosquitto version 2.0.15 starting
1689931393: Config loaded from /mosquitto/config/mosquitto.conf.
1689931393: Opening ipv4 listen socket on port 1883.
1689931393: Opening ipv6 listen socket on port 1883.
1689931393: Opening ipv4 listen socket on port 8883.
1689931393: Opening ipv6 listen socket on port 8883.
1689931393: Error: Unable to load CA certificates. Check cafile "/mosquitto/certs/ca.crt".
1689931393: Error: Unable to load server certificate "/mosquitto/certs/server.crt". Check certfile.
1689931393: OpenSSL Error[0]: error:02FFF002:system library:func(4095):No such file or directory
1689931393: OpenSSL Error[1]: error:20FFF080:BIO routines:CRYPTO_internal:no such file
1689931393: OpenSSL Error[2]: error:0BFFF002:x509 certificate routines:CRYPTO_internal:system lib
1689931393: OpenSSL Error[3]: error:02FFF002:system library:func(4095):No such file or directory
1689931393: OpenSSL Error[4]: error:20FFF002:BIO routines:CRYPTO_internal:system lib
1689931393: OpenSSL Error[5]: error:14FFF002:SSL routines:(UNKNOWN)SSL_internal:system lib
1689931779: mosquitto version 2.0.15 starting
1689931779: Config loaded from /mosquitto/config/mosquitto.conf.
1689931779: Opening ipv4 listen socket on port 1883.
1689931779: Opening ipv6 listen socket on port 1883.
1689931779: Opening ipv4 listen socket on port 8883.
1689931779: Opening ipv6 listen socket on port 8883.
1689931779: Error: Unable to load CA certificates. Check cafile "/mosquitto/certs/ca.crt".
1689931779: Error: Unable to load server certificate "/mosquitto/certs/server.crt". Check certfile.
1689931779: OpenSSL Error[0]: error:02FFF002:system library:func(4095):No such file or directory
1689931779: OpenSSL Error[1]: error:20FFF080:BIO routines:CRYPTO_internal:no such file
1689931779: OpenSSL Error[2]: error:0BFFF002:x509 certificate routines:CRYPTO_internal:system lib
1689931779: OpenSSL Error[3]: error:02FFF002:system library:func(4095):No such file or directory
1689931779: OpenSSL Error[4]: error:20FFF002:BIO routines:CRYPTO_internal:system lib
1689931779: OpenSSL Error[5]: error:14FFF002:SSL routines:(UNKNOWN)SSL_internal:system lib
1689931851: mosquitto version 2.0.15 starting
1689931851: Config loaded from /mosquitto/config/mosquitto.conf.
1689931851: Opening ipv4 listen socket on port 1883.
1689931851: Opening ipv6 listen socket on port 1883.
1689931851: Opening ipv4 listen socket on port 8883.
1689931851: Opening ipv6 listen socket on port 8883.
1689931851: mosquitto version 2.0.15 running
1689931882: mosquitto version 2.0.15 terminating
1689931882: Saving in-memory database to /mosquitto/data//mosquitto.db.
1689931927: mosquitto version 2.0.15 starting
1689931927: Config loaded from /mosquitto/config/mosquitto.conf.
1689931927: Opening ipv4 listen socket on port 1883.
1689931927: Opening ipv6 listen socket on port 1883.
1689931927: Opening ipv4 listen socket on port 8883.
1689931927: Opening ipv6 listen socket on port 8883.
1689931927: mosquitto version 2.0.15 running
1689931929: New connection from 172.23.0.3:58658 on port 8883.
1689931929: OpenSSL Error[0]: error:02FFF020:system library:func(4095):Broken pipe
1689931929: Client <unknown> disconnected: Protocol error.
1689931949: mosquitto version 2.0.15 terminating
1689931949: Saving in-memory database to /mosquitto/data//mosquitto.db.
